###############################################################
#  Generated by:      Cadence Innovus 16.12-s051_1
#  OS:                Linux x86_64(Host ID ecegrid-thin2.ecn.purdue.edu)
#  Generated on:      Thu Apr 26 00:17:35 2018
#  Design:            lab7_layout_design
#  Command:           verifyConnectivity -type all -error 1000 -warning 50
###############################################################
Verify Connectivity Report is created on Thu Apr 26 00:17:35 2018



Net gnd: has special routes with opens at (298.800, 330.450) (1201.200, 1160.550)
Net gnd: has special routes with opens at (780.600, 1192.500) (809.400, 1201.200)
Net gnd: has special routes with opens at (780.600, 298.800) (809.400, 307.500)
Net gnd: has special routes with opens at (780.600, 1150.650) (809.400, 1195.500)
Net gnd: has special routes with opens at (780.600, 304.500) (809.400, 340.350)
Net gnd: dangling Wire at (795.000, 1150.650) (795.000, 1150.650) on layer: M2
Net gnd: dangling Wire at (795.000, 1195.500) (795.000, 1195.500) on layer: M2
Net gnd: dangling Wire at (795.000, 304.500) (795.000, 304.500) on layer: M2
Net gnd: dangling Wire at (795.000, 340.350) (795.000, 340.350) on layer: M2

Begin Summary
    5 Problem(s) (IMPVFC-200): Special Wires: Pieces of the net are not connected together.
    4 Problem(s) (IMPVFC-94): The net has dangling wire(s).
    9 total info(s) created.
End Summary
