###############################################################
#  Generated by:      Cadence Innovus 16.12-s051_1
#  OS:                Linux x86_64(Host ID ecegrid-thin2.ecn.purdue.edu)
#  Generated on:      Thu Apr 26 00:17:21 2018
#  Design:            lab7_layout_design
#  Command:           addMetalFill -layer {1 2 3}
###############################################################

Iteration name: default
Fill shape type: FILLWIRE
Layer M1 - Fill width    : 0.900um - 0.900um
Layer M1 - Fill length   : 0.900um - 9.900um
Layer M1 - Active spacing: 0.900um
Layer M1 - Gap spacing   : 0.300um
Layer M1 - Window size   : 100um X 100um
Layer M1 - Window step   : 50um X 50um
Layer M1 - Min Density   : 20%
Layer M1 - Pref Density  : 35%
Layer M1 - Max Density   : 80%
Layer M1 - Ext Density   : 35%
Layer M1 - Number of windows (total - met pref density = processed): 841 - 53 = 788
Layer M2 - Fill width    : 0.900um - 0.900um
Layer M2 - Fill length   : 0.900um - 9.900um
Layer M2 - Active spacing: 0.900um
Layer M2 - Gap spacing   : 0.300um
Layer M2 - Window size   : 100um X 100um
Layer M2 - Window step   : 50um X 50um
Layer M2 - Min Density   : 20%
Layer M2 - Pref Density  : 35%
Layer M2 - Max Density   : 80%
Layer M2 - Ext Density   : 35%
Layer M2 - Number of windows (total - met pref density = processed): 841 - 63 = 778
Layer M3 - Fill width    : 1.500um - 1.500um
Layer M3 - Fill length   : 1.500um - 9.900um
Layer M3 - Active spacing: 0.900um
Layer M3 - Gap spacing   : 0.300um
Layer M3 - Window size   : 100um X 100um
Layer M3 - Window step   : 50um X 50um
Layer M3 - Min Density   : 20%
Layer M3 - Pref Density  : 35%
Layer M3 - Max Density   : 80%
Layer M3 - Ext Density   : 35%
Layer M3 - Number of windows (total - met pref density = processed): 841 - 55 = 786

***************Before filling***************

Layer M1 - Number of windows under minimum density (20%): 162 out of total 841.
Layer M1 - Number of windows over maximum density  (80%): 0 out of total 841.

Layer M2 - Number of windows under minimum density (20%): 289 out of total 841.
Layer M2 - Number of windows over maximum density  (80%): 0 out of total 841.

Layer M3 - Number of windows under minimum density (20%): 335 out of total 841.
Layer M3 - Number of windows over maximum density  (80%): 0 out of total 841.

***************After filling***************

Layer M1 - Number of windows under minimum density (20%): 0 out of total 841.
Layer M1 - Number of windows over maximum density  (80%): 0 out of total 841.

Layer M2 - Number of windows under minimum density (20%): 0 out of total 841.
Layer M2 - Number of windows over maximum density  (80%): 0 out of total 841.

Layer M3 - Number of windows under minimum density (20%): 0 out of total 841.
Layer M3 - Number of windows over maximum density  (80%): 0 out of total 841.

