
********************************************************************************
Product   : Virtuoso(R) STREAM In
Program   : @(#)$CDS: pipo.exe version 5.1.0 11/22/2011 01:41 (cicln04) $
SubVersion: sub-version 5.10.41.500.6.151
Started at: 01-Mar-2018  17:28:28
User Name : mg119
Host Name : ee215lnx14.ecn.purdue.edu
Directory : /home/ecegrid/a/mg119/ece337/Lab7
CADENCE Design Systems, Inc.
********************************************************************************

Stream file   : /home/ecegrid/a/mg119/ece337/Lab7/final.gds2

Reading Stream File ...
VERSION      : 3
MODIFICATION : Thu Mar  1 17:24:34 2018
ACCESS       : Thu Mar  1 17:24:34 2018
WARNING (158): Years in non-standard four-digit format encountered in the Stream file.
GDS LIBRARY  : DesignLib
U-UNIT/DBU   : 0.001000000000
METRIC/DBU   : 0.000000001000

TARGET LIBRARY PATH: /home/ecegrid/a/mg119/ece337/Lab7/My_Layout

     1. scanning cellview (lab7_layout_design layout)
     2. scanning cellview (m2_m1 layout)
     3. scanning cellview (m3_m2 layout)
     4. scanning cellview (lab7_layout_design_via0 layout)
     5. scanning cellview (lab7_layout_design_via1 layout)
     6. scanning cellview (lab7_layout_design_via2 layout)
     7. scanning cellview (lab7_layout_design_via3 layout)
     8. scanning cellview (lab7_layout_design_via4 layout)
     9. scanning cellview (padvdd layout)
    10. scanning cellview (padnc layout)
    11. scanning cellview (padout layout)
    12. scanning cellview (padinc layout)
    13. scanning cellview (padgnd layout)
    14. scanning cellview (padfc layout)
    15. scanning cellview (dffsr layout)
    16. scanning cellview (xnor2x1 layout)
    17. scanning cellview (mux2x1 layout)
    18. scanning cellview (xor2x1 layout)
    19. scanning cellview (or2x1 layout)
    20. scanning cellview (oai22x1 layout)
    21. scanning cellview (oai21x1 layout)
    22. scanning cellview (nor2x1 layout)
    23. scanning cellview (nand3x1 layout)
    24. scanning cellview (nand2x1 layout)
    25. scanning cellview (invx2 layout)
    26. scanning cellview (invx1 layout)
    27. scanning cellview (dffposx1 layout)
    28. scanning cellview (bufx4 layout)
    29. scanning cellview (bufx2 layout)
    30. scanning cellview (aoi22x1 layout)
    31. scanning cellview (aoi21x1 layout)
    32. scanning cellview (and2x1 layout)
    33. scanning cellview (fill layout)

PASS 2...
WARNING (69): Failed to open the technology file `techfile.cds' from the library `NCSU_TechLib_ami06' in the append mode. Undefined layer-purpose pairs will not be translated.

			Individual Cell Statistics

CellView          Rectangles Polygons   Paths Ellipses Labels Instances Arrays  Dots
************************************************************************************


                    Statistics Of Layers


Cadence    Cadence    Stream   Stream
 Layer     Purpose    Layer   Datatype Rectangles Polygons Paths   Ellipses   Labels   Dots
--------------------------------------------------------------------------------------------


   Summary Of Objects

------------------------
       0 Rectangles
       0 Polygons
       0 Paths
       0 Ellipses
       0 Labels
       0 Instances
       0 Arrays
       0 Cells
       0 Dots


00:00:00 Elapsed time
00:00:00 CPU time

    2406 Kbytes of memory

*** There were 0 error and 2 warning messages ***

The setup file's contents :

streamInKeys = list(nil
	'runDir			"."
	'inFile			"final.gds2"
	'primaryCell		"lab7_layout_design"
	'libName		"My_Layout"
	'techfileName		""
	'scale			0.001000
	'units			"micron"
	'errFile		"PIPO.LOG"
	'refLib			nil
	'hierDepth		20
	'maxVertices		1024
	'checkPolygon		t
	'snapToGrid		nil
	'arrayToSimMosaic	t
	'caseSensitivity	"lower"
	'textCaseSensitivity	"preserve"
	'zeroPathToLine		"lines"
	'convertNode		"ignore"
	'keepPcell	nil
	'replaceBusBitChar	nil
	'skipUndefinedLPP	nil
	'ignoreBox		nil
	'mergeUndefPurposToDrawing		nil
	'reportPrecision	nil
	'keepStreamCells		nil
	'attachTechfileOfLib		""
	'runQuiet		nil
	'noWriteExistCell		t
	'NOUnmappingLayerWarning		nil
	'comprehensiveLog		nil
	'ignorePcellEvalFail		nil
	'appendDB		nil
	'genListHier		nil
	'skipDbLocking		nil
	'skipPcdbGen		nil
	'cellMapTable		""
	'layerTable		""
	'textFontTable		""
	'restorePin		0
	'propMapTable		""
	'propSeparator		","
	'userSkillFile		""
	'rodDir			""
	'refLibOrder			""
)
